<?xml version="1.0" encoding="UTF-8"?>
<!-- Generated by org.testng.reporters.JUnitXMLReporter -->
<testsuite hostname="Nishant-PC" ignored="0" name="Test" tests="4" failures="0" timestamp="2022-03-12T12:55:53 IST" time="45.356" errors="0">
  <testcase name="ExternalDataTest" time="7.458" classname="testcases.LoginTest"/>
  <testcase name="LoginFailureTest" time="7.156" classname="testcases.LoginTest"/>
  <testcase name="LoginSuccessTest" time="6.159" classname="testcases.LoginTest"/>
  <testcase name="ParameterizedTest" time="6.857" classname="testcases.LoginTest"/>
</testsuite> <!-- Test -->
