<?xml version="1.0" encoding="UTF-8"?>
<!-- Generated by org.testng.reporters.JUnitXMLReporter -->
<testsuite hostname="Nishant-PC" ignored="0" name="Test" tests="4" failures="0" timestamp="2022-03-19T10:27:36 IST" time="41.304" errors="0">
  <testcase name="ExternalDataTest" time="6.841" classname="testcases.LoginTest"/>
  <testcase name="LoginFailureTest" time="6.418" classname="testcases.LoginTest"/>
  <testcase name="LoginSuccessTest" time="5.405" classname="testcases.LoginTest"/>
  <testcase name="ParameterizedTest" time="4.915" classname="testcases.LoginTest"/>
</testsuite> <!-- Test -->
