<?xml version="1.0" encoding="UTF-8"?>
<!-- Generated by org.testng.reporters.JUnitXMLReporter -->
<testsuite hostname="Nishant-PC" ignored="0" name="Test" tests="4" failures="0" timestamp="2022-03-19T09:40:26 IST" time="42.36" errors="0">
  <testcase name="ExternalDataTest" time="6.468" classname="testcases.LoginTest"/>
  <testcase name="LoginFailureTest" time="6.071" classname="testcases.LoginTest"/>
  <testcase name="LoginSuccessTest" time="6.173" classname="testcases.LoginTest"/>
  <testcase name="ParameterizedTest" time="4.885" classname="testcases.LoginTest"/>
</testsuite> <!-- Test -->
