<?xml version="1.0" encoding="UTF-8"?>
<testng-results skipped="0" failed="0" ignored="0" total="4" passed="4">
  <reporter-output>
  </reporter-output>
  <suite name="Suite" duration-ms="42360" started-at="2022-03-19T09:39:44 IST" finished-at="2022-03-19T09:40:26 IST">
    <groups>
    </groups>
    <test name="Test" duration-ms="42360" started-at="2022-03-19T09:39:44 IST" finished-at="2022-03-19T09:40:26 IST">
      <class name="testcases.LoginTest">
        <test-method status="PASS" signature="DataSetUP()[pri:0, instance:testcases.LoginTest@57e1b0c]" name="DataSetUP" is-config="true" duration-ms="516" started-at="2022-03-19T09:39:44 IST" finished-at="2022-03-19T09:39:44 IST">
          <reporter-output>
          </reporter-output>
        </test-method> <!-- DataSetUP -->
        <test-method status="PASS" signature="SetUp(java.lang.reflect.Method)[pri:0, instance:testcases.LoginTest@57e1b0c]" name="SetUp" is-config="true" duration-ms="5129" started-at="2022-03-19T09:39:44 IST" finished-at="2022-03-19T09:39:49 IST">
          <params>
            <param index="0">
              <value>
                <![CDATA[public void testcases.LoginTest.ExternalDataTest()]]>
              </value>
            </param>
          </params>
          <reporter-output>
          </reporter-output>
        </test-method> <!-- SetUp -->
        <test-method status="PASS" signature="ExternalDataTest()[pri:0, instance:testcases.LoginTest@57e1b0c]" name="ExternalDataTest" duration-ms="6468" started-at="2022-03-19T09:39:49 IST" finished-at="2022-03-19T09:39:56 IST">
          <reporter-output>
          </reporter-output>
        </test-method> <!-- ExternalDataTest -->
        <test-method status="PASS" signature="TearDown()[pri:0, instance:testcases.LoginTest@57e1b0c]" name="TearDown" is-config="true" duration-ms="687" started-at="2022-03-19T09:39:56 IST" finished-at="2022-03-19T09:39:57 IST">
          <reporter-output>
          </reporter-output>
        </test-method> <!-- TearDown -->
        <test-method status="PASS" signature="SetUp(java.lang.reflect.Method)[pri:0, instance:testcases.LoginTest@57e1b0c]" name="SetUp" is-config="true" duration-ms="3867" started-at="2022-03-19T09:39:57 IST" finished-at="2022-03-19T09:40:01 IST">
          <params>
            <param index="0">
              <value>
                <![CDATA[public void testcases.LoginTest.LoginFailureTest()]]>
              </value>
            </param>
          </params>
          <reporter-output>
          </reporter-output>
        </test-method> <!-- SetUp -->
        <test-method status="PASS" signature="LoginFailureTest()[pri:0, instance:testcases.LoginTest@57e1b0c]" name="LoginFailureTest" duration-ms="6071" started-at="2022-03-19T09:40:01 IST" finished-at="2022-03-19T09:40:07 IST">
          <reporter-output>
          </reporter-output>
        </test-method> <!-- LoginFailureTest -->
        <test-method status="PASS" signature="TearDown()[pri:0, instance:testcases.LoginTest@57e1b0c]" name="TearDown" is-config="true" duration-ms="690" started-at="2022-03-19T09:40:07 IST" finished-at="2022-03-19T09:40:07 IST">
          <reporter-output>
          </reporter-output>
        </test-method> <!-- TearDown -->
        <test-method status="PASS" signature="SetUp(java.lang.reflect.Method)[pri:0, instance:testcases.LoginTest@57e1b0c]" name="SetUp" is-config="true" duration-ms="3192" started-at="2022-03-19T09:40:07 IST" finished-at="2022-03-19T09:40:10 IST">
          <params>
            <param index="0">
              <value>
                <![CDATA[public void testcases.LoginTest.LoginSuccessTest()]]>
              </value>
            </param>
          </params>
          <reporter-output>
          </reporter-output>
        </test-method> <!-- SetUp -->
        <test-method status="PASS" signature="LoginSuccessTest()[pri:0, instance:testcases.LoginTest@57e1b0c]" name="LoginSuccessTest" duration-ms="6173" started-at="2022-03-19T09:40:10 IST" finished-at="2022-03-19T09:40:17 IST">
          <reporter-output>
          </reporter-output>
        </test-method> <!-- LoginSuccessTest -->
        <test-method status="PASS" signature="TearDown()[pri:0, instance:testcases.LoginTest@57e1b0c]" name="TearDown" is-config="true" duration-ms="658" started-at="2022-03-19T09:40:17 IST" finished-at="2022-03-19T09:40:17 IST">
          <reporter-output>
          </reporter-output>
        </test-method> <!-- TearDown -->
        <test-method status="PASS" signature="SetUp(java.lang.reflect.Method)[pri:0, instance:testcases.LoginTest@57e1b0c]" name="SetUp" is-config="true" duration-ms="3041" started-at="2022-03-19T09:40:17 IST" finished-at="2022-03-19T09:40:20 IST">
          <params>
            <param index="0">
              <value>
                <![CDATA[public void testcases.LoginTest.ParameterizedTest(java.lang.String,java.lang.String)]]>
              </value>
            </param>
          </params>
          <reporter-output>
          </reporter-output>
        </test-method> <!-- SetUp -->
        <test-method status="PASS" signature="ParameterizedTest(java.lang.String,java.lang.String)[pri:0, instance:testcases.LoginTest@57e1b0c]" name="ParameterizedTest" duration-ms="4885" started-at="2022-03-19T09:40:20 IST" finished-at="2022-03-19T09:40:25 IST">
          <params>
            <param index="0">
              <value>
                <![CDATA[Abcd@12345]]>
              </value>
            </param>
            <param index="1">
              <value>
                <![CDATA[Abcd@12345]]>
              </value>
            </param>
          </params>
          <reporter-output>
          </reporter-output>
        </test-method> <!-- ParameterizedTest -->
        <test-method status="PASS" signature="TearDown()[pri:0, instance:testcases.LoginTest@57e1b0c]" name="TearDown" is-config="true" duration-ms="667" started-at="2022-03-19T09:40:25 IST" finished-at="2022-03-19T09:40:26 IST">
          <reporter-output>
          </reporter-output>
        </test-method> <!-- TearDown -->
        <test-method status="PASS" signature="DataTearDown()[pri:0, instance:testcases.LoginTest@57e1b0c]" name="DataTearDown" is-config="true" duration-ms="278" started-at="2022-03-19T09:40:26 IST" finished-at="2022-03-19T09:40:26 IST">
          <reporter-output>
          </reporter-output>
        </test-method> <!-- DataTearDown -->
      </class> <!-- testcases.LoginTest -->
    </test> <!-- Test -->
  </suite> <!-- Suite -->
</testng-results>
