<?xml version="1.0" encoding="UTF-8"?>
<testng-results skipped="0" failed="0" ignored="0" total="4" passed="4">
  <reporter-output>
  </reporter-output>
  <suite name="Suite" duration-ms="41304" started-at="2022-03-19T10:26:55 IST" finished-at="2022-03-19T10:27:36 IST">
    <groups>
    </groups>
    <test name="Test" duration-ms="41304" started-at="2022-03-19T10:26:55 IST" finished-at="2022-03-19T10:27:36 IST">
      <class name="testcases.LoginTest">
        <test-method status="PASS" signature="DataSetUP()[pri:0, instance:testcases.LoginTest@4671e53b]" name="DataSetUP" is-config="true" duration-ms="608" started-at="2022-03-19T10:26:55 IST" finished-at="2022-03-19T10:26:55 IST">
          <reporter-output>
          </reporter-output>
        </test-method> <!-- DataSetUP -->
        <test-method status="PASS" signature="SetUp(java.lang.reflect.Method)[pri:0, instance:testcases.LoginTest@4671e53b]" name="SetUp" is-config="true" duration-ms="3946" started-at="2022-03-19T10:26:55 IST" finished-at="2022-03-19T10:26:59 IST">
          <params>
            <param index="0">
              <value>
                <![CDATA[public void testcases.LoginTest.ExternalDataTest()]]>
              </value>
            </param>
          </params>
          <reporter-output>
          </reporter-output>
        </test-method> <!-- SetUp -->
        <test-method status="PASS" signature="ExternalDataTest()[pri:0, instance:testcases.LoginTest@4671e53b]" name="ExternalDataTest" duration-ms="6841" started-at="2022-03-19T10:26:59 IST" finished-at="2022-03-19T10:27:06 IST">
          <reporter-output>
          </reporter-output>
        </test-method> <!-- ExternalDataTest -->
        <test-method status="PASS" signature="TearDown()[pri:0, instance:testcases.LoginTest@4671e53b]" name="TearDown" is-config="true" duration-ms="691" started-at="2022-03-19T10:27:06 IST" finished-at="2022-03-19T10:27:07 IST">
          <reporter-output>
          </reporter-output>
        </test-method> <!-- TearDown -->
        <test-method status="PASS" signature="SetUp(java.lang.reflect.Method)[pri:0, instance:testcases.LoginTest@4671e53b]" name="SetUp" is-config="true" duration-ms="3562" started-at="2022-03-19T10:27:07 IST" finished-at="2022-03-19T10:27:10 IST">
          <params>
            <param index="0">
              <value>
                <![CDATA[public void testcases.LoginTest.LoginFailureTest()]]>
              </value>
            </param>
          </params>
          <reporter-output>
          </reporter-output>
        </test-method> <!-- SetUp -->
        <test-method status="PASS" signature="LoginFailureTest()[pri:0, instance:testcases.LoginTest@4671e53b]" name="LoginFailureTest" duration-ms="6418" started-at="2022-03-19T10:27:10 IST" finished-at="2022-03-19T10:27:17 IST">
          <reporter-output>
          </reporter-output>
        </test-method> <!-- LoginFailureTest -->
        <test-method status="PASS" signature="TearDown()[pri:0, instance:testcases.LoginTest@4671e53b]" name="TearDown" is-config="true" duration-ms="664" started-at="2022-03-19T10:27:17 IST" finished-at="2022-03-19T10:27:17 IST">
          <reporter-output>
          </reporter-output>
        </test-method> <!-- TearDown -->
        <test-method status="PASS" signature="SetUp(java.lang.reflect.Method)[pri:0, instance:testcases.LoginTest@4671e53b]" name="SetUp" is-config="true" duration-ms="3380" started-at="2022-03-19T10:27:17 IST" finished-at="2022-03-19T10:27:21 IST">
          <params>
            <param index="0">
              <value>
                <![CDATA[public void testcases.LoginTest.LoginSuccessTest()]]>
              </value>
            </param>
          </params>
          <reporter-output>
          </reporter-output>
        </test-method> <!-- SetUp -->
        <test-method status="PASS" signature="LoginSuccessTest()[pri:0, instance:testcases.LoginTest@4671e53b]" name="LoginSuccessTest" duration-ms="5405" started-at="2022-03-19T10:27:21 IST" finished-at="2022-03-19T10:27:26 IST">
          <reporter-output>
          </reporter-output>
        </test-method> <!-- LoginSuccessTest -->
        <test-method status="PASS" signature="TearDown()[pri:0, instance:testcases.LoginTest@4671e53b]" name="TearDown" is-config="true" duration-ms="704" started-at="2022-03-19T10:27:26 IST" finished-at="2022-03-19T10:27:27 IST">
          <reporter-output>
          </reporter-output>
        </test-method> <!-- TearDown -->
        <test-method status="PASS" signature="SetUp(java.lang.reflect.Method)[pri:0, instance:testcases.LoginTest@4671e53b]" name="SetUp" is-config="true" duration-ms="3155" started-at="2022-03-19T10:27:27 IST" finished-at="2022-03-19T10:27:30 IST">
          <params>
            <param index="0">
              <value>
                <![CDATA[public void testcases.LoginTest.ParameterizedTest(java.lang.String,java.lang.String)]]>
              </value>
            </param>
          </params>
          <reporter-output>
          </reporter-output>
        </test-method> <!-- SetUp -->
        <test-method status="PASS" signature="ParameterizedTest(java.lang.String,java.lang.String)[pri:0, instance:testcases.LoginTest@4671e53b]" name="ParameterizedTest" duration-ms="4915" started-at="2022-03-19T10:27:30 IST" finished-at="2022-03-19T10:27:35 IST">
          <params>
            <param index="0">
              <value>
                <![CDATA[Abcd@12345]]>
              </value>
            </param>
            <param index="1">
              <value>
                <![CDATA[Abcd@12345]]>
              </value>
            </param>
          </params>
          <reporter-output>
          </reporter-output>
        </test-method> <!-- ParameterizedTest -->
        <test-method status="PASS" signature="TearDown()[pri:0, instance:testcases.LoginTest@4671e53b]" name="TearDown" is-config="true" duration-ms="638" started-at="2022-03-19T10:27:35 IST" finished-at="2022-03-19T10:27:36 IST">
          <reporter-output>
          </reporter-output>
        </test-method> <!-- TearDown -->
        <test-method status="PASS" signature="DataTearDown()[pri:0, instance:testcases.LoginTest@4671e53b]" name="DataTearDown" is-config="true" duration-ms="327" started-at="2022-03-19T10:27:36 IST" finished-at="2022-03-19T10:27:36 IST">
          <reporter-output>
          </reporter-output>
        </test-method> <!-- DataTearDown -->
      </class> <!-- testcases.LoginTest -->
    </test> <!-- Test -->
  </suite> <!-- Suite -->
</testng-results>
